<?xml version="1.0" encoding="UTF-8"?>
<testng-results ignored="0" total="8" passed="8" failed="0" skipped="0">
  <reporter-output>
  </reporter-output>
  <suite started-at="2021-02-04T01:46:15 CST" name="Default suite" finished-at="2021-02-04T01:46:16 CST" duration-ms="316">
    <groups>
    </groups>
    <test started-at="2021-02-04T01:46:15 CST" name="Default test" finished-at="2021-02-04T01:46:16 CST" duration-ms="316">
      <class name="com.qa.Students.Student_Info">
        <test-method is-config="true" signature="propertyExtentSetup()[pri:0, instance:com.qa.Students.Student_Info@659a969b]" started-at="2021-02-04T01:46:15 CST" name="propertyExtentSetup" finished-at="2021-02-04T01:46:15 CST" duration-ms="207" status="PASS">
          <reporter-output>
          </reporter-output>
        </test-method> <!-- propertyExtentSetup -->
        <test-method signature="User_name()[pri:1, instance:com.qa.Students.Student_Info@659a969b]" started-at="2021-02-04T01:46:15 CST" name="User_name" finished-at="2021-02-04T01:46:15 CST" duration-ms="11" status="PASS">
          <reporter-output>
          </reporter-output>
        </test-method> <!-- User_name -->
        <test-method signature="User_id()[pri:2, instance:com.qa.Students.Student_Info@659a969b]" started-at="2021-02-04T01:46:15 CST" name="User_id" finished-at="2021-02-04T01:46:15 CST" duration-ms="4" status="PASS">
          <reporter-output>
          </reporter-output>
        </test-method> <!-- User_id -->
        <test-method signature="User_lastsessionid()[pri:3, instance:com.qa.Students.Student_Info@659a969b]" started-at="2021-02-04T01:46:15 CST" name="User_lastsessionid" finished-at="2021-02-04T01:46:15 CST" duration-ms="3" status="PASS">
          <reporter-output>
          </reporter-output>
        </test-method> <!-- User_lastsessionid -->
        <test-method signature="User_marks()[pri:4, instance:com.qa.Students.Student_Info@659a969b]" started-at="2021-02-04T01:46:15 CST" name="User_marks" finished-at="2021-02-04T01:46:16 CST" duration-ms="243" status="PASS">
          <reporter-output>
          </reporter-output>
        </test-method> <!-- User_marks -->
        <test-method signature="User_secondcontact()[pri:5, instance:com.qa.Students.Student_Info@659a969b]" started-at="2021-02-04T01:46:16 CST" name="User_secondcontact" finished-at="2021-02-04T01:46:16 CST" duration-ms="4" status="PASS">
          <reporter-output>
          </reporter-output>
        </test-method> <!-- User_secondcontact -->
        <test-method signature="User_city()[pri:6, instance:com.qa.Students.Student_Info@659a969b]" started-at="2021-02-04T01:46:16 CST" name="User_city" finished-at="2021-02-04T01:46:16 CST" duration-ms="5" status="PASS">
          <reporter-output>
          </reporter-output>
        </test-method> <!-- User_city -->
        <test-method signature="User_contact()[pri:7, instance:com.qa.Students.Student_Info@659a969b]" started-at="2021-02-04T01:46:16 CST" name="User_contact" finished-at="2021-02-04T01:46:16 CST" duration-ms="6" status="PASS">
          <reporter-output>
          </reporter-output>
        </test-method> <!-- User_contact -->
        <test-method signature="User_firstaddress()[pri:8, instance:com.qa.Students.Student_Info@659a969b]" started-at="2021-02-04T01:46:16 CST" name="User_firstaddress" finished-at="2021-02-04T01:46:16 CST" duration-ms="5" status="PASS">
          <reporter-output>
          </reporter-output>
        </test-method> <!-- User_firstaddress -->
        <test-method is-config="true" signature="close()[pri:0, instance:com.qa.Students.Student_Info@659a969b]" started-at="2021-02-04T01:46:16 CST" name="close" finished-at="2021-02-04T01:46:16 CST" duration-ms="252" status="PASS">
          <reporter-output>
          </reporter-output>
        </test-method> <!-- close -->
      </class> <!-- com.qa.Students.Student_Info -->
    </test> <!-- Default test -->
  </suite> <!-- Default suite -->
</testng-results>
